# JRE version: OpenJDK Runtime Environment Temurin-18.0.1+10 (18.0.1+10) (build 18.0.1+10)
# Java VM: OpenJDK 64-Bit Server VM Temurin-18.0.1+10 (18.0.1+10, mixed mode, emulated-client, tiered, compressed oops, compressed class ptrs, g1 gc, windows-amd64)
GC Precious Log:
 CardTable entry size: 512
 Card Set container configuration: InlinePtr #cards 4 size 8 Array Of Cards #cards 16 size 48 Howl #buckets 8 coarsen threshold 3686 Howl Bitmap #cards 512 size 80 coarsen threshold 460 Card regions per heap region 1 cards per card region 4096
 CPUs: 16 total, 16 available
 Memory: 15789M
 Large Page Support: Disabled
 NUMA Support: Disabled
 Compressed Oops: Enabled (Zero based)
 Heap Region Size: 2M
 Heap Min Capacity: 8M
 Heap Initial Capacity: 248M
 Heap Max Capacity: 3948M
 Pre-touch: Disabled
 Parallel Workers: 13
 Concurrent Workers: 3
 Concurrent Refinement Workers: 13
 Periodic GC: Disabled
Heap:
 garbage-first heap   total 212992K, used 88830K [0x0000000709400000, 0x0000000800000000)
  region size 2048K, 17 young (34816K), 1 survivors (2048K)
 Metaspace       used 89377K, committed 94080K, reserved 1179648K
  class space    used 11119K, committed 12224K, reserved 1048576K
GC Heap History (20 events):
Event: 16002.928 GC heap after
{Heap after GC invocations=162 (full 12):
 garbage-first heap   total 225280K, used 57922K [0x0000000709400000, 0x0000000800000000)
  region size 2048K, 1 young (2048K), 1 survivors (2048K)
 Metaspace       used 96505K, committed 97856K, reserved 1179648K
  class space    used 11630K, committed 12224K, reserved 1048576K
}
Event: 16879.354 GC heap before
{Heap before GC invocations=162 (full 12):
 garbage-first heap   total 225280K, used 186946K [0x0000000709400000, 0x0000000800000000)
  region size 2048K, 64 young (131072K), 1 survivors (2048K)
 Metaspace       used 96505K, committed 97856K, reserved 1179648K
  class space    used 11630K, committed 12224K, reserved 1048576K
}
Event: 16879.356 GC heap after
{Heap after GC invocations=163 (full 12):
 garbage-first heap   total 225280K, used 57312K [0x0000000709400000, 0x0000000800000000)
  region size 2048K, 1 young (2048K), 1 survivors (2048K)
 Metaspace       used 96505K, committed 97856K, reserved 1179648K
  class space    used 11630K, committed 12224K, reserved 1048576K
}
Event: 17609.191 GC heap before
{Heap before GC invocations=164 (full 12):
 garbage-first heap   total 219136K, used 188384K [0x0000000709400000, 0x0000000800000000)
  region size 2048K, 65 young (133120K), 1 survivors (2048K)
 Metaspace       used 89210K, committed 94080K, reserved 1179648K
  class space    used 11086K, committed 12224K, reserved 1048576K
}
Event: 17609.193 GC heap after
{Heap after GC invocations=165 (full 12):
 garbage-first heap   total 219136K, used 58633K [0x0000000709400000, 0x0000000800000000)
  region size 2048K, 2 young (4096K), 2 survivors (4096K)
 Metaspace       used 89210K, committed 94080K, reserved 1179648K
  class space    used 11086K, committed 12224K, reserved 1048576K
}
Event: 17622.022 GC heap before
{Heap before GC invocations=165 (full 12):
 garbage-first heap   total 219136K, used 64777K [0x0000000709400000, 0x0000000800000000)
  region size 2048K, 5 young (10240K), 2 survivors (4096K)
 Metaspace       used 89225K, committed 94080K, reserved 1179648K
  class space    used 11090K, committed 12224K, reserved 1048576K
}
Event: 17622.024 GC heap after
{Heap after GC invocations=166 (full 12):
 garbage-first heap   total 219136K, used 56600K [0x0000000709400000, 0x0000000800000000)
  region size 2048K, 1 young (2048K), 1 survivors (2048K)
 Metaspace       used 89225K, committed 94080K, reserved 1179648K
  class space    used 11090K, committed 12224K, reserved 1048576K
}
Event: 18402.836 GC heap before
{Heap before GC invocations=166 (full 12):
 garbage-first heap   total 219136K, used 183576K [0x0000000709400000, 0x0000000800000000)
  region size 2048K, 63 young (129024K), 1 survivors (2048K)
 Metaspace       used 89367K, committed 94080K, reserved 1179648K
  class space    used 11125K, committed 12224K, reserved 1048576K
}
Event: 18402.839 GC heap after
{Heap after GC invocations=167 (full 12):
 garbage-first heap   total 219136K, used 56475K [0x0000000709400000, 0x0000000800000000)
  region size 2048K, 1 young (2048K), 1 survivors (2048K)
 Metaspace       used 89367K, committed 94080K, reserved 1179648K
  class space    used 11125K, committed 12224K, reserved 1048576K
}
Event: 19186.414 GC heap before
{Heap before GC invocations=168 (full 12):
 garbage-first heap   total 212992K, used 185499K [0x0000000709400000, 0x0000000800000000)
  region size 2048K, 64 young (131072K), 1 survivors (2048K)
 Metaspace       used 89318K, committed 94080K, reserved 1179648K
  class space    used 11114K, committed 12224K, reserved 1048576K
}
Event: 19186.416 GC heap after
{Heap after GC invocations=169 (full 12):
 garbage-first heap   total 212992K, used 56942K [0x0000000709400000, 0x0000000800000000)
  region size 2048K, 1 young (2048K), 1 survivors (2048K)
 Metaspace       used 89318K, committed 94080K, reserved 1179648K
  class space    used 11114K, committed 12224K, reserved 1048576K
}
Event: 19242.571 GC heap before
{Heap before GC invocations=169 (full 12):
 garbage-first heap   total 212992K, used 65134K [0x0000000709400000, 0x0000000800000000)
  region size 2048K, 5 young (10240K), 1 survivors (2048K)
 Metaspace       used 89318K, committed 94080K, reserved 1179648K
  class space    used 11114K, committed 12224K, reserved 1048576K
}
Event: 19242.573 GC heap after
{Heap after GC invocations=170 (full 12):
 garbage-first heap   total 212992K, used 56880K [0x0000000709400000, 0x0000000800000000)
  region size 2048K, 1 young (2048K), 1 survivors (2048K)
 Metaspace       used 89318K, committed 94080K, reserved 1179648K
  class space    used 11114K, committed 12224K, reserved 1048576K
}
Event: 20077.868 GC heap before
{Heap before GC invocations=170 (full 12):
 garbage-first heap   total 212992K, used 179760K [0x0000000709400000, 0x0000000800000000)
  region size 2048K, 61 young (124928K), 1 survivors (2048K)
 Metaspace       used 89318K, committed 94080K, reserved 1179648K
  class space    used 11114K, committed 12224K, reserved 1048576K
}
Event: 20077.871 GC heap after
{Heap after GC invocations=171 (full 12):
 garbage-first heap   total 212992K, used 56894K [0x0000000709400000, 0x0000000800000000)
  region size 2048K, 1 young (2048K), 1 survivors (2048K)
 Metaspace       used 89318K, committed 94080K, reserved 1179648K
  class space    used 11114K, committed 12224K, reserved 1048576K
}
Event: 20855.789 GC heap before
{Heap before GC invocations=172 (full 12):
 garbage-first heap   total 212992K, used 181822K [0x0000000709400000, 0x0000000800000000)
  region size 2048K, 62 young (126976K), 1 survivors (2048K)
 Metaspace       used 89323K, committed 94080K, reserved 1179648K
  class space    used 11114K, committed 12224K, reserved 1048576K
}
Event: 20855.791 GC heap after
{Heap after GC invocations=173 (full 12):
 garbage-first heap   total 212992K, used 57105K [0x0000000709400000, 0x0000000800000000)
  region size 2048K, 1 young (2048K), 1 survivors (2048K)
 Metaspace       used 89323K, committed 94080K, reserved 1179648K
  class space    used 11114K, committed 12224K, reserved 1048576K
}
Event: 20881.199 GC heap before
{Heap before GC invocations=173 (full 12):
 garbage-first heap   total 212992K, used 65297K [0x0000000709400000, 0x0000000800000000)
  region size 2048K, 5 young (10240K), 1 survivors (2048K)
 Metaspace       used 89324K, committed 94080K, reserved 1179648K
  class space    used 11114K, committed 12224K, reserved 1048576K
}
Event: 20881.201 GC heap after
{Heap after GC invocations=174 (full 12):
 garbage-first heap   total 212992K, used 57171K [0x0000000709400000, 0x0000000800000000)
  region size 2048K, 1 young (2048K), 1 survivors (2048K)
 Metaspace       used 89324K, committed 94080K, reserved 1179648K
  class space    used 11114K, committed 12224K, reserved 1048576K
}
Event: 21081.521 GC heap before
{Heap before GC invocations=174 (full 12):
 garbage-first heap   total 212992K, used 87891K [0x0000000709400000, 0x0000000800000000)
  region size 2048K, 17 young (34816K), 1 survivors (2048K)
 Metaspace       used 89377K, committed 94080K, reserved 1179648K
  class space    used 11119K, committed 12224K, reserved 1048576K
}

