# JRE version: OpenJDK Runtime Environment Temurin-18.0.1+10 (18.0.1+10) (build 18.0.1+10)
# Java VM: OpenJDK 64-Bit Server VM Temurin-18.0.1+10 (18.0.1+10, mixed mode, emulated-client, tiered, compressed oops, compressed class ptrs, g1 gc, windows-amd64)
GC Precious Log:
 CardTable entry size: 512
 Card Set container configuration: InlinePtr #cards 4 size 8 Array Of Cards #cards 16 size 48 Howl #buckets 8 coarsen threshold 3686 Howl Bitmap #cards 512 size 80 coarsen threshold 460 Card regions per heap region 1 cards per card region 4096
 CPUs: 16 total, 16 available
 Memory: 15789M
 Large Page Support: Disabled
 NUMA Support: Disabled
 Compressed Oops: Enabled (Zero based)
 Heap Region Size: 2M
 Heap Min Capacity: 8M
 Heap Initial Capacity: 248M
 Heap Max Capacity: 3948M
 Pre-touch: Disabled
 Parallel Workers: 13
 Concurrent Workers: 3
 Concurrent Refinement Workers: 13
 Periodic GC: Disabled
Heap:
 garbage-first heap   total 241664K, used 76611K [0x0000000709400000, 0x0000000800000000)
  region size 2048K, 15 young (30720K), 1 survivors (2048K)
 Metaspace       used 95773K, committed 96768K, reserved 1179648K
  class space    used 11524K, committed 12032K, reserved 1048576K
GC Heap History (20 events):
Event: 1165.878 GC heap after
{Heap after GC invocations=128 (full 11):
 garbage-first heap   total 151552K, used 71271K [0x0000000709400000, 0x0000000800000000)
  region size 2048K, 4 young (8192K), 4 survivors (8192K)
 Metaspace       used 94451K, committed 95424K, reserved 1179648K
  class space    used 11414K, committed 11904K, reserved 1048576K
}
Event: 1165.903 GC heap before
{Heap before GC invocations=128 (full 11):
 garbage-first heap   total 151552K, used 106087K [0x0000000709400000, 0x0000000800000000)
  region size 2048K, 22 young (45056K), 4 survivors (8192K)
 Metaspace       used 94451K, committed 95424K, reserved 1179648K
  class space    used 11414K, committed 11904K, reserved 1048576K
}
Event: 1165.911 GC heap after
{Heap after GC invocations=129 (full 11):
 garbage-first heap   total 409600K, used 82236K [0x0000000709400000, 0x0000000800000000)
  region size 2048K, 3 young (6144K), 3 survivors (6144K)
 Metaspace       used 94451K, committed 95424K, reserved 1179648K
  class space    used 11414K, committed 11904K, reserved 1048576K
}
Event: 1252.008 GC heap before
{Heap before GC invocations=129 (full 11):
 garbage-first heap   total 409600K, used 201020K [0x0000000709400000, 0x0000000800000000)
  region size 2048K, 63 young (129024K), 3 survivors (6144K)
 Metaspace       used 94463K, committed 95424K, reserved 1179648K
  class space    used 11417K, committed 11904K, reserved 1048576K
}
Event: 1252.062 GC heap after
{Heap after GC invocations=130 (full 12):
 garbage-first heap   total 157696K, used 37996K [0x0000000709400000, 0x0000000800000000)
  region size 2048K, 0 young (0K), 0 survivors (0K)
 Metaspace       used 94450K, committed 95424K, reserved 1179648K
  class space    used 11415K, committed 11904K, reserved 1048576K
}
Event: 1252.673 GC heap before
{Heap before GC invocations=130 (full 12):
 garbage-first heap   total 157696K, used 97388K [0x0000000709400000, 0x0000000800000000)
  region size 2048K, 29 young (59392K), 0 survivors (0K)
 Metaspace       used 94918K, committed 95936K, reserved 1179648K
  class space    used 11464K, committed 11968K, reserved 1048576K
}
Event: 1252.676 GC heap after
{Heap after GC invocations=131 (full 12):
 garbage-first heap   total 157696K, used 42401K [0x0000000709400000, 0x0000000800000000)
  region size 2048K, 3 young (6144K), 3 survivors (6144K)
 Metaspace       used 94918K, committed 95936K, reserved 1179648K
  class space    used 11464K, committed 11968K, reserved 1048576K
}
Event: 1252.917 GC heap before
{Heap before GC invocations=132 (full 12):
 garbage-first heap   total 157696K, used 101793K [0x0000000709400000, 0x0000000800000000)
  region size 2048K, 32 young (65536K), 3 survivors (6144K)
 Metaspace       used 95062K, committed 96000K, reserved 1179648K
  class space    used 11476K, committed 11968K, reserved 1048576K
}
Event: 1252.920 GC heap after
{Heap after GC invocations=133 (full 12):
 garbage-first heap   total 157696K, used 43765K [0x0000000709400000, 0x0000000800000000)
  region size 2048K, 3 young (6144K), 3 survivors (6144K)
 Metaspace       used 95062K, committed 96000K, reserved 1179648K
  class space    used 11476K, committed 11968K, reserved 1048576K
}
Event: 1252.932 GC heap before
{Heap before GC invocations=133 (full 12):
 garbage-first heap   total 157696K, used 45813K [0x0000000709400000, 0x0000000800000000)
  region size 2048K, 4 young (8192K), 3 survivors (6144K)
 Metaspace       used 95062K, committed 96000K, reserved 1179648K
  class space    used 11476K, committed 11968K, reserved 1048576K
}
Event: 1252.935 GC heap after
{Heap after GC invocations=134 (full 12):
 garbage-first heap   total 157696K, used 43928K [0x0000000709400000, 0x0000000800000000)
  region size 2048K, 1 young (2048K), 1 survivors (2048K)
 Metaspace       used 95062K, committed 96000K, reserved 1179648K
  class space    used 11476K, committed 11968K, reserved 1048576K
}
Event: 1253.282 GC heap before
{Heap before GC invocations=134 (full 12):
 garbage-first heap   total 157696K, used 107416K [0x0000000709400000, 0x0000000800000000)
  region size 2048K, 32 young (65536K), 1 survivors (2048K)
 Metaspace       used 95482K, committed 96448K, reserved 1179648K
  class space    used 11503K, committed 11968K, reserved 1048576K
}
Event: 1253.284 GC heap after
{Heap after GC invocations=135 (full 12):
 garbage-first heap   total 157696K, used 46723K [0x0000000709400000, 0x0000000800000000)
  region size 2048K, 2 young (4096K), 2 survivors (4096K)
 Metaspace       used 95482K, committed 96448K, reserved 1179648K
  class space    used 11503K, committed 11968K, reserved 1048576K
}
Event: 1253.552 GC heap before
{Heap before GC invocations=135 (full 12):
 garbage-first heap   total 157696K, used 110211K [0x0000000709400000, 0x0000000800000000)
  region size 2048K, 33 young (67584K), 2 survivors (4096K)
 Metaspace       used 95767K, committed 96768K, reserved 1179648K
  class space    used 11522K, committed 12032K, reserved 1048576K
}
Event: 1253.557 GC heap after
{Heap after GC invocations=136 (full 12):
 garbage-first heap   total 157696K, used 52099K [0x0000000709400000, 0x0000000800000000)
  region size 2048K, 5 young (10240K), 5 survivors (10240K)
 Metaspace       used 95767K, committed 96768K, reserved 1179648K
  class space    used 11522K, committed 12032K, reserved 1048576K
}
Event: 1253.638 GC heap before
{Heap before GC invocations=136 (full 12):
 garbage-first heap   total 157696K, used 111491K [0x0000000709400000, 0x0000000800000000)
  region size 2048K, 34 young (69632K), 5 survivors (10240K)
 Metaspace       used 95767K, committed 96768K, reserved 1179648K
  class space    used 11522K, committed 12032K, reserved 1048576K
}
Event: 1253.642 GC heap after
{Heap after GC invocations=137 (full 12):
 garbage-first heap   total 241664K, used 51794K [0x0000000709400000, 0x0000000800000000)
  region size 2048K, 2 young (4096K), 2 survivors (4096K)
 Metaspace       used 95767K, committed 96768K, reserved 1179648K
  class space    used 11522K, committed 12032K, reserved 1048576K
}
Event: 1253.879 GC heap before
{Heap before GC invocations=138 (full 12):
 garbage-first heap   total 241664K, used 176722K [0x0000000709400000, 0x0000000800000000)
  region size 2048K, 64 young (131072K), 2 survivors (4096K)
 Metaspace       used 95761K, committed 96768K, reserved 1179648K
  class space    used 11521K, committed 12032K, reserved 1048576K
}
Event: 1253.881 GC heap after
{Heap after GC invocations=139 (full 12):
 garbage-first heap   total 241664K, used 49763K [0x0000000709400000, 0x0000000800000000)
  region size 2048K, 1 young (2048K), 1 survivors (2048K)
 Metaspace       used 95761K, committed 96768K, reserved 1179648K
  class space    used 11521K, committed 12032K, reserved 1048576K
}
Event: 1299.281 GC heap before
{Heap before GC invocations=139 (full 12):
 garbage-first heap   total 241664K, used 76387K [0x0000000709400000, 0x0000000800000000)
  region size 2048K, 15 young (30720K), 1 survivors (2048K)
 Metaspace       used 95773K, committed 96768K, reserved 1179648K
  class space    used 11524K, committed 12032K, reserved 1048576K
}

