# JRE version: OpenJDK Runtime Environment Temurin-18.0.1+10 (18.0.1+10) (build 18.0.1+10)
# Java VM: OpenJDK 64-Bit Server VM Temurin-18.0.1+10 (18.0.1+10, mixed mode, emulated-client, tiered, compressed oops, compressed class ptrs, g1 gc, windows-amd64)
GC Precious Log:
 CardTable entry size: 512
 Card Set container configuration: InlinePtr #cards 4 size 8 Array Of Cards #cards 16 size 48 Howl #buckets 8 coarsen threshold 3686 Howl Bitmap #cards 512 size 80 coarsen threshold 460 Card regions per heap region 1 cards per card region 4096
 CPUs: 16 total, 16 available
 Memory: 15789M
 Large Page Support: Disabled
 NUMA Support: Disabled
 Compressed Oops: Enabled (Zero based)
 Heap Region Size: 2M
 Heap Min Capacity: 8M
 Heap Initial Capacity: 248M
 Heap Max Capacity: 3948M
 Pre-touch: Disabled
 Parallel Workers: 13
 Concurrent Workers: 3
 Concurrent Refinement Workers: 13
 Periodic GC: Disabled
Heap:
 garbage-first heap   total 290816K, used 171977K [0x0000000709400000, 0x0000000800000000)
  region size 2048K, 47 young (96256K), 1 survivors (2048K)
 Metaspace       used 97312K, committed 98432K, reserved 1179648K
  class space    used 11658K, committed 12224K, reserved 1048576K
GC Heap History (20 events):
Event: 2571.563 GC heap after
{Heap after GC invocations=142 (full 13):
 garbage-first heap   total 276480K, used 48754K [0x0000000709400000, 0x0000000800000000)
  region size 2048K, 5 young (10240K), 5 survivors (10240K)
 Metaspace       used 94598K, committed 95552K, reserved 1179648K
  class space    used 11329K, committed 11776K, reserved 1048576K
}
Event: 2816.781 GC heap before
{Heap before GC invocations=142 (full 13):
 garbage-first heap   total 276480K, used 106098K [0x0000000709400000, 0x0000000800000000)
  region size 2048K, 35 young (71680K), 5 survivors (10240K)
 Metaspace       used 95698K, committed 96704K, reserved 1179648K
  class space    used 11476K, committed 11968K, reserved 1048576K
}
Event: 2816.838 GC heap after
{Heap after GC invocations=143 (full 14):
 garbage-first heap   total 157696K, used 38153K [0x0000000709400000, 0x0000000800000000)
  region size 2048K, 0 young (0K), 0 survivors (0K)
 Metaspace       used 95590K, committed 96704K, reserved 1179648K
  class space    used 11450K, committed 11968K, reserved 1048576K
}
Event: 2817.501 GC heap before
{Heap before GC invocations=143 (full 14):
 garbage-first heap   total 157696K, used 118025K [0x0000000709400000, 0x0000000800000000)
  region size 2048K, 40 young (81920K), 0 survivors (0K)
 Metaspace       used 96166K, committed 97152K, reserved 1179648K
  class space    used 11532K, committed 12032K, reserved 1048576K
}
Event: 2817.505 GC heap after
{Heap after GC invocations=144 (full 14):
 garbage-first heap   total 157696K, used 43721K [0x0000000709400000, 0x0000000800000000)
  region size 2048K, 3 young (6144K), 3 survivors (6144K)
 Metaspace       used 96166K, committed 97152K, reserved 1179648K
  class space    used 11532K, committed 12032K, reserved 1048576K
}
Event: 2817.979 GC heap before
{Heap before GC invocations=145 (full 14):
 garbage-first heap   total 157696K, used 119497K [0x0000000709400000, 0x0000000800000000)
  region size 2048K, 40 young (81920K), 3 survivors (6144K)
 Metaspace       used 96611K, committed 97664K, reserved 1179648K
  class space    used 11573K, committed 12096K, reserved 1048576K
}
Event: 2817.983 GC heap after
{Heap after GC invocations=146 (full 14):
 garbage-first heap   total 157696K, used 47300K [0x0000000709400000, 0x0000000800000000)
  region size 2048K, 5 young (10240K), 5 survivors (10240K)
 Metaspace       used 96611K, committed 97664K, reserved 1179648K
  class space    used 11573K, committed 12096K, reserved 1048576K
}
Event: 2817.999 GC heap before
{Heap before GC invocations=146 (full 14):
 garbage-first heap   total 157696K, used 49348K [0x0000000709400000, 0x0000000800000000)
  region size 2048K, 6 young (12288K), 5 survivors (10240K)
 Metaspace       used 96649K, committed 97664K, reserved 1179648K
  class space    used 11575K, committed 12096K, reserved 1048576K
}
Event: 2818.003 GC heap after
{Heap after GC invocations=147 (full 14):
 garbage-first heap   total 157696K, used 48282K [0x0000000709400000, 0x0000000800000000)
  region size 2048K, 1 young (2048K), 1 survivors (2048K)
 Metaspace       used 96649K, committed 97664K, reserved 1179648K
  class space    used 11575K, committed 12096K, reserved 1048576K
}
Event: 2818.333 GC heap before
{Heap before GC invocations=147 (full 14):
 garbage-first heap   total 157696K, used 119962K [0x0000000709400000, 0x0000000800000000)
  region size 2048K, 36 young (73728K), 1 survivors (2048K)
 Metaspace       used 97140K, committed 98176K, reserved 1179648K
  class space    used 11620K, committed 12160K, reserved 1048576K
}
Event: 2818.336 GC heap after
{Heap after GC invocations=148 (full 14):
 garbage-first heap   total 157696K, used 50980K [0x0000000709400000, 0x0000000800000000)
  region size 2048K, 3 young (6144K), 3 survivors (6144K)
 Metaspace       used 97140K, committed 98176K, reserved 1179648K
  class space    used 11620K, committed 12160K, reserved 1048576K
}
Event: 2818.434 GC heap before
{Heap before GC invocations=148 (full 14):
 garbage-first heap   total 157696K, used 116516K [0x0000000709400000, 0x0000000800000000)
  region size 2048K, 36 young (73728K), 3 survivors (6144K)
 Metaspace       used 97155K, committed 98240K, reserved 1179648K
  class space    used 11623K, committed 12160K, reserved 1048576K
}
Event: 2818.441 GC heap after
{Heap after GC invocations=149 (full 14):
 garbage-first heap   total 157696K, used 66241K [0x0000000709400000, 0x0000000800000000)
  region size 2048K, 5 young (10240K), 5 survivors (10240K)
 Metaspace       used 97155K, committed 98240K, reserved 1179648K
  class space    used 11623K, committed 12160K, reserved 1048576K
}
Event: 2818.504 GC heap before
{Heap before GC invocations=149 (full 14):
 garbage-first heap   total 157696K, used 113345K [0x0000000709400000, 0x0000000800000000)
  region size 2048K, 29 young (59392K), 5 survivors (10240K)
 Metaspace       used 97155K, committed 98240K, reserved 1179648K
  class space    used 11623K, committed 12160K, reserved 1048576K
}
Event: 2818.511 GC heap after
{Heap after GC invocations=150 (full 14):
 garbage-first heap   total 290816K, used 74961K [0x0000000709400000, 0x0000000800000000)
  region size 2048K, 4 young (8192K), 4 survivors (8192K)
 Metaspace       used 97155K, committed 98240K, reserved 1179648K
  class space    used 11623K, committed 12160K, reserved 1048576K
}
Event: 2915.169 GC heap before
{Heap before GC invocations=151 (full 14):
 garbage-first heap   total 290816K, used 214225K [0x0000000709400000, 0x0000000800000000)
  region size 2048K, 73 young (149504K), 4 survivors (8192K)
 Metaspace       used 97210K, committed 98304K, reserved 1179648K
  class space    used 11639K, committed 12160K, reserved 1048576K
}
Event: 2915.174 GC heap after
{Heap after GC invocations=152 (full 14):
 garbage-first heap   total 290816K, used 77769K [0x0000000709400000, 0x0000000800000000)
  region size 2048K, 6 young (12288K), 6 survivors (12288K)
 Metaspace       used 97210K, committed 98304K, reserved 1179648K
  class space    used 11639K, committed 12160K, reserved 1048576K
}
Event: 2927.657 GC heap before
{Heap before GC invocations=152 (full 14):
 garbage-first heap   total 290816K, used 79817K [0x0000000709400000, 0x0000000800000000)
  region size 2048K, 7 young (14336K), 6 survivors (12288K)
 Metaspace       used 97210K, committed 98304K, reserved 1179648K
  class space    used 11639K, committed 12160K, reserved 1048576K
}
Event: 2927.662 GC heap after
{Heap after GC invocations=153 (full 14):
 garbage-first heap   total 290816K, used 77769K [0x0000000709400000, 0x0000000800000000)
  region size 2048K, 1 young (2048K), 1 survivors (2048K)
 Metaspace       used 97210K, committed 98304K, reserved 1179648K
  class space    used 11639K, committed 12160K, reserved 1048576K
}
Event: 3465.349 GC heap before
{Heap before GC invocations=153 (full 14):
 garbage-first heap   total 290816K, used 169929K [0x0000000709400000, 0x0000000800000000)
  region size 2048K, 47 young (96256K), 1 survivors (2048K)
 Metaspace       used 97312K, committed 98432K, reserved 1179648K
  class space    used 11658K, committed 12224K, reserved 1048576K
}

